2026-02-02 18:27:33,458 | INFO | Starting Phase 1 orchestration
2026-02-02 18:27:33,458 | INFO | Starting annual_trend...
2026-02-02 18:27:35,313 | ERROR | Notebook annual_trend failed:
---------------------------------------------------------------------------
Exception encountered at "In [3]":
---------------------------------------------------------------------------
FileNotFoundError                         Traceback (most recent call last)
Cell In[3], line 12
      9 from analysis.config_loader import Phase1Config
     11 config_path = repo_root / "config" / "phase1_config.yaml"
---> 12 config = Phase1Config(config_path=config_path)
     13 params = config.get_notebook_params("annual_trend")
     14 START_YEAR = params.get("start_year", START_YEAR)

File <string>:5, in __init__(self, config_path, data)

File ~/Projects/Crime Incidents Philadelphia/analysis/config_loader.py:26, in Phase1Config.__post_init__(self)
     24 config_path = self.config_path
     25 if not config_path.exists():
---> 26     raise FileNotFoundError(f"Config not found: {config_path}")
     28 with config_path.open("r", encoding="utf-8") as handle:
     29     data = yaml.safe_load(handle) or {}

FileNotFoundError: Config not found: /Users/dustinober/Projects/config/phase1_config.yaml
Traceback (most recent call last):
  File "/Users/dustinober/Projects/Crime Incidents Philadelphia/analysis/orchestrate_phase1.py", line 107, in main
    runtime = run_notebook(notebook_path, output_path, params)
  File "/Users/dustinober/Projects/Crime Incidents Philadelphia/analysis/orchestrate_phase1.py", line 49, in run_notebook
    pm.execute_notebook(
    ~~~~~~~~~~~~~~~~~~~^
        str(notebook_path),
        ^^^^^^^^^^^^^^^^^^^
        str(output_path),
        ^^^^^^^^^^^^^^^^^
        parameters=params,
        ^^^^^^^^^^^^^^^^^^
    )
    ^
  File "/opt/anaconda3/lib/python3.13/site-packages/papermill/execute.py", line 131, in execute_notebook
    raise_for_execution_errors(nb, output_path)
    ~~~~~~~~~~~~~~~~~~~~~~~~~~^^^^^^^^^^^^^^^^^
  File "/opt/anaconda3/lib/python3.13/site-packages/papermill/execute.py", line 251, in raise_for_execution_errors
    raise error
papermill.exceptions.PapermillExecutionError:
---------------------------------------------------------------------------
Exception encountered at "In [3]":
---------------------------------------------------------------------------
FileNotFoundError                         Traceback (most recent call last)
Cell In[3], line 12
      9 from analysis.config_loader import Phase1Config
     11 config_path = repo_root / "config" / "phase1_config.yaml"
---> 12 config = Phase1Config(config_path=config_path)
     13 params = config.get_notebook_params("annual_trend")
     14 START_YEAR = params.get("start_year", START_YEAR)

File <string>:5, in __init__(self, config_path, data)

File ~/Projects/Crime Incidents Philadelphia/analysis/config_loader.py:26, in Phase1Config.__post_init__(self)
     24 config_path = self.config_path
     25 if not config_path.exists():
---> 26     raise FileNotFoundError(f"Config not found: {config_path}")
     28 with config_path.open("r", encoding="utf-8") as handle:
     29     data = yaml.safe_load(handle) or {}

FileNotFoundError: Config not found: /Users/dustinober/Projects/config/phase1_config.yaml

2026-02-02 18:28:59,107 | INFO | Starting Phase 1 orchestration
2026-02-02 18:28:59,107 | INFO | Starting annual_trend...
2026-02-02 18:29:06,441 | INFO | Completed annual_trend in 7.3s
2026-02-02 18:29:06,442 | INFO | Starting seasonality...
2026-02-02 18:29:13,340 | INFO | Completed seasonality in 6.9s
2026-02-02 18:29:13,341 | INFO | Starting covid...
2026-02-02 18:29:19,442 | INFO | Completed covid in 6.1s
2026-02-02 18:29:19,453 | INFO | Saved manifest to reports/phase1_manifest_v1.0.json
2026-02-02 18:29:19,453 | INFO | Phase 1 orchestration complete
2026-02-02 18:30:32,548 | INFO | Starting Phase 1 orchestration
2026-02-02 18:30:32,549 | INFO | Starting annual_trend...
2026-02-02 18:30:40,135 | INFO | Completed annual_trend in 7.6s
2026-02-02 18:30:40,135 | INFO | Starting seasonality...
2026-02-02 18:30:46,880 | INFO | Completed seasonality in 6.7s
2026-02-02 18:30:46,880 | INFO | Starting covid...
2026-02-02 18:30:52,945 | INFO | Completed covid in 6.1s
2026-02-02 18:30:52,955 | INFO | Saved manifest to reports/phase1_manifest_v1.0.json
2026-02-02 18:30:52,955 | INFO | Phase 1 orchestration complete
